# JRE version: Java(TM) SE Runtime Environment (9.0+11) (build 9.0.4+11)
# Java VM: Java HotSpot(TM) 64-Bit Server VM (9.0.4+11, mixed mode, tiered, compressed oops, g1 gc, linux-amd64)
Heap:
 garbage-first heap   total 61440K, used 8984K [0x00000000c4000000, 0x00000000c41001e0, 0x0000000100000000)
  region size 1024K, 4 young (4096K), 2 survivors (2048K)
 Metaspace       used 26179K, capacity 27614K, committed 27904K, reserved 1075200K
  class space    used 2686K, capacity 2958K, committed 3072K, reserved 1048576K
GC Heap History (8 events):
Event: 4.164 GC heap before
{Heap before GC invocations=0 (full 0):
 garbage-first heap   total 61440K, used 7168K [0x00000000c4000000, 0x00000000c41001e0, 0x0000000100000000)
  region size 1024K, 7 young (7168K), 0 survivors (0K)
 Metaspace       used 10485K, capacity 11078K, committed 11136K, reserved 1058816K
  class space    used 986K, capacity 1124K, committed 1152K, reserved 1048576K
}
Event: 4.183 GC heap after
{Heap after GC invocations=1 (full 0):
 garbage-first heap   total 61440K, used 2334K [0x00000000c4000000, 0x00000000c41001e0, 0x0000000100000000)
  region size 1024K, 1 young (1024K), 1 survivors (1024K)
 Metaspace       used 10485K, capacity 11078K, committed 11136K, reserved 1058816K
  class space    used 986K, capacity 1124K, committed 1152K, reserved 1048576K
}
Event: 5.009 GC heap before
{Heap before GC invocations=1 (full 0):
 garbage-first heap   total 61440K, used 5406K [0x00000000c4000000, 0x00000000c41001e0, 0x0000000100000000)
  region size 1024K, 4 young (4096K), 1 survivors (1024K)
 Metaspace       used 12093K, capacity 13012K, committed 13184K, reserved 1060864K
  class space    used 1177K, capacity 1373K, committed 1408K, reserved 1048576K
}
Event: 5.020 GC heap after
{Heap after GC invocations=2 (full 0):
 garbage-first heap   total 61440K, used 2868K [0x00000000c4000000, 0x00000000c41001e0, 0x0000000100000000)
  region size 1024K, 1 young (1024K), 1 survivors (1024K)
 Metaspace       used 12093K, capacity 13012K, committed 13184K, reserved 1060864K
  class space    used 1177K, capacity 1373K, committed 1408K, reserved 1048576K
}
Event: 9.077 GC heap before
{Heap before GC invocations=2 (full 0):
 garbage-first heap   total 61440K, used 10036K [0x00000000c4000000, 0x00000000c41001e0, 0x0000000100000000)
  region size 1024K, 9 young (9216K), 1 survivors (1024K)
 Metaspace       used 19711K, capacity 21056K, committed 21248K, reserved 1069056K
  class space    used 2168K, capacity 2445K, committed 2560K, reserved 1048576K
}
Event: 9.095 GC heap after
{Heap after GC invocations=3 (full 0):
 garbage-first heap   total 61440K, used 4367K [0x00000000c4000000, 0x00000000c41001e0, 0x0000000100000000)
  region size 1024K, 2 young (2048K), 2 survivors (2048K)
 Metaspace       used 19711K, capacity 21056K, committed 21248K, reserved 1069056K
  class space    used 2168K, capacity 2445K, committed 2560K, reserved 1048576K
}
Event: 338.766 GC heap before
{Heap before GC invocations=4 (full 0):
 garbage-first heap   total 61440K, used 17679K [0x00000000c4000000, 0x00000000c41001e0, 0x0000000100000000)
  region size 1024K, 15 young (15360K), 2 survivors (2048K)
 Metaspace       used 26030K, capacity 27486K, committed 27904K, reserved 1075200K
  class space    used 2684K, capacity 2958K, committed 3072K, reserved 1048576K
}
Event: 338.973 GC heap after
{Heap after GC invocations=5 (full 0):
 garbage-first heap   total 61440K, used 7960K [0x00000000c4000000, 0x00000000c41001e0, 0x0000000100000000)
  region size 1024K, 2 young (2048K), 2 survivors (2048K)
 Metaspace       used 26030K, capacity 27486K, committed 27904K, reserved 1075200K
  class space    used 2684K, capacity 2958K, committed 3072K, reserved 1048576K
}

